This file contains any messages produced by compilers while
running configure, to aid debugging if configure makes a mistake.

It was created by cafe configure 4.2.1, which was
generated by GNU Autoconf 2.69.  Invocation command line was

  $ ./configure 

## --------- ##
## Platform. ##
## --------- ##

hostname = Cal-Server
uname -m = x86_64
uname -r = 4.4.0-21-generic
uname -s = Linux
uname -v = #37-Ubuntu SMP Mon Apr 18 18:33:37 UTC 2016

/usr/bin/uname -p = unknown
/bin/uname -X     = unknown

/bin/arch              = unknown
/usr/bin/arch -k       = unknown
/usr/convex/getsysinfo = unknown
/usr/bin/hostinfo      = unknown
/bin/machine           = unknown
/usr/bin/oslevel       = unknown
/bin/universe          = unknown

PATH: /usr/local/sbin
PATH: /usr/local/bin
PATH: /usr/sbin
PATH: /usr/bin
PATH: /sbin
PATH: /bin
PATH: /usr/games
PATH: /usr/local/games
PATH: /snap/bin
PATH: /home/zhangt/.aspera/connect/bin


## ----------- ##
## Core tests. ##
## ----------- ##

configure:2242: checking for pgc++
configure:2272: result: no
configure:2242: checking for icc
configure:2272: result: no
configure:2242: checking for g++
configure:2258: found /usr/bin/g++
configure:2269: result: g++
configure:2296: checking for C++ compiler version
configure:2305: g++ --version >&5
g++ (Ubuntu 7.5.0-3ubuntu1~18.04) 7.5.0
Copyright (C) 2017 Free Software Foundation, Inc.
This is free software; see the source for copying conditions.  There is NO
warranty; not even for MERCHANTABILITY or FITNESS FOR A PARTICULAR PURPOSE.

configure:2316: $? = 0
configure:2305: g++ -v >&5
Using built-in specs.
COLLECT_GCC=g++
COLLECT_LTO_WRAPPER=/usr/lib/gcc/x86_64-linux-gnu/7/lto-wrapper
OFFLOAD_TARGET_NAMES=nvptx-none
OFFLOAD_TARGET_DEFAULT=1
Target: x86_64-linux-gnu
Configured with: ../src/configure -v --with-pkgversion='Ubuntu 7.5.0-3ubuntu1~18.04' --with-bugurl=file:///usr/share/doc/gcc-7/README.Bugs --enable-languages=c,ada,c++,go,brig,d,fortran,objc,obj-c++ --prefix=/usr --with-gcc-major-version-only --program-suffix=-7 --program-prefix=x86_64-linux-gnu- --enable-shared --enable-linker-build-id --libexecdir=/usr/lib --without-included-gettext --enable-threads=posix --libdir=/usr/lib --enable-nls --enable-bootstrap --enable-clocale=gnu --enable-libstdcxx-debug --enable-libstdcxx-time=yes --with-default-libstdcxx-abi=new --enable-gnu-unique-object --disable-vtable-verify --enable-libmpx --enable-plugin --enable-default-pie --with-system-zlib --with-target-system-zlib --enable-objc-gc=auto --enable-multiarch --disable-werror --with-arch-32=i686 --with-abi=m64 --with-multilib-list=m32,m64,mx32 --enable-multilib --with-tune=generic --enable-offload-targets=nvptx-none --without-cuda-driver --enable-checking=release --build=x86_64-linux-gnu --host=x86_64-linux-gnu --target=x86_64-linux-gnu
Thread model: posix
gcc version 7.5.0 (Ubuntu 7.5.0-3ubuntu1~18.04) 
configure:2316: $? = 0
configure:2305: g++ -V >&5
g++: error: unrecognized command line option '-V'
g++: fatal error: no input files
compilation terminated.
configure:2316: $? = 1
configure:2305: g++ -qversion >&5
g++: error: unrecognized command line option '-qversion'; did you mean '--version'?
g++: fatal error: no input files
compilation terminated.
configure:2316: $? = 1
configure:2336: checking whether the C++ compiler works
configure:2358: g++    conftest.cpp  >&5
configure:2362: $? = 0
configure:2410: result: yes
configure:2413: checking for C++ compiler default output file name
configure:2415: result: a.out
configure:2421: checking for suffix of executables
configure:2428: g++ -o conftest    conftest.cpp  >&5
configure:2432: $? = 0
configure:2454: result: 
configure:2476: checking whether we are cross compiling
configure:2484: g++ -o conftest    conftest.cpp  >&5
configure:2488: $? = 0
configure:2495: ./conftest
configure:2499: $? = 0
configure:2514: result: no
configure:2519: checking for suffix of object files
configure:2541: g++ -c   conftest.cpp >&5
configure:2545: $? = 0
configure:2566: result: o
configure:2570: checking whether we are using the GNU C++ compiler
configure:2589: g++ -c   conftest.cpp >&5
configure:2589: $? = 0
configure:2598: result: yes
configure:2607: checking whether g++ accepts -g
configure:2627: g++ -c -g  conftest.cpp >&5
configure:2627: $? = 0
configure:2668: result: yes
configure:2745: checking for pgcc
configure:2775: result: no
configure:2745: checking for icc
configure:2775: result: no
configure:2745: checking for gcc
configure:2761: found /usr/bin/gcc
configure:2772: result: gcc
configure:2803: checking for C compiler version
configure:2812: gcc --version >&5
gcc (Ubuntu 8.4.0-1ubuntu1~18.04) 8.4.0
Copyright (C) 2018 Free Software Foundation, Inc.
This is free software; see the source for copying conditions.  There is NO
warranty; not even for MERCHANTABILITY or FITNESS FOR A PARTICULAR PURPOSE.

configure:2823: $? = 0
configure:2812: gcc -v >&5
Using built-in specs.
COLLECT_GCC=gcc
COLLECT_LTO_WRAPPER=/usr/lib/gcc/x86_64-linux-gnu/8/lto-wrapper
OFFLOAD_TARGET_NAMES=nvptx-none
OFFLOAD_TARGET_DEFAULT=1
Target: x86_64-linux-gnu
Configured with: ../src/configure -v --with-pkgversion='Ubuntu 8.4.0-1ubuntu1~18.04' --with-bugurl=file:///usr/share/doc/gcc-8/README.Bugs --enable-languages=c,ada,c++,go,brig,d,fortran,objc,obj-c++ --prefix=/usr --with-gcc-major-version-only --program-suffix=-8 --program-prefix=x86_64-linux-gnu- --enable-shared --enable-linker-build-id --libexecdir=/usr/lib --without-included-gettext --enable-threads=posix --libdir=/usr/lib --enable-nls --enable-clocale=gnu --enable-libstdcxx-debug --enable-libstdcxx-time=yes --with-default-libstdcxx-abi=new --enable-gnu-unique-object --disable-vtable-verify --enable-libmpx --enable-plugin --enable-default-pie --with-system-zlib --with-target-system-zlib=auto --enable-objc-gc=auto --enable-multiarch --disable-werror --with-arch-32=i686 --with-abi=m64 --with-multilib-list=m32,m64,mx32 --enable-multilib --with-tune=generic --enable-offload-targets=nvptx-none --without-cuda-driver --enable-checking=release --build=x86_64-linux-gnu --host=x86_64-linux-gnu --target=x86_64-linux-gnu
Thread model: posix
gcc version 8.4.0 (Ubuntu 8.4.0-1ubuntu1~18.04) 
configure:2823: $? = 0
configure:2812: gcc -V >&5
gcc: error: unrecognized command line option '-V'
gcc: fatal error: no input files
compilation terminated.
configure:2823: $? = 1
configure:2812: gcc -qversion >&5
gcc: error: unrecognized command line option '-qversion'; did you mean '--version'?
gcc: fatal error: no input files
compilation terminated.
configure:2823: $? = 1
configure:2827: checking whether we are using the GNU C compiler
configure:2846: gcc -c   conftest.c >&5
configure:2846: $? = 0
configure:2855: result: yes
configure:2864: checking whether gcc accepts -g
configure:2884: gcc -c -g  conftest.c >&5
configure:2884: $? = 0
configure:2925: result: yes
configure:2942: checking for gcc option to accept ISO C89
configure:3005: gcc  -c -g -O2  conftest.c >&5
configure:3005: $? = 0
configure:3018: result: none needed
configure:3047: checking for g++ option to support OpenMP
configure:3062: g++ -o conftest -g -O2   conftest.cpp  >&5
conftest.cpp:11:2: error: 'choke' does not name a type
  choke me
  ^~~~~
In file included from conftest.cpp:13:0:
/usr/lib/gcc/x86_64-linux-gnu/7/include/omp.h:39:3: error: 'omp_lock_t' does not name a type
 } omp_lock_t;
   ^~~~~~~~~~
/usr/lib/gcc/x86_64-linux-gnu/7/include/omp.h:100:28: error: variable or field 'omp_init_lock' declared void
 extern void omp_init_lock (omp_lock_t *) __GOMP_NOTHROW;
                            ^~~~~~~~~~
/usr/lib/gcc/x86_64-linux-gnu/7/include/omp.h:100:28: error: 'omp_lock_t' was not declared in this scope
/usr/lib/gcc/x86_64-linux-gnu/7/include/omp.h:100:28: note: suggested alternative: 'omp_lock_hint_t'
 extern void omp_init_lock (omp_lock_t *) __GOMP_NOTHROW;
                            ^~~~~~~~~~
                            omp_lock_hint_t
/usr/lib/gcc/x86_64-linux-gnu/7/include/omp.h:100:40: error: expected primary-expression before ')' token
 extern void omp_init_lock (omp_lock_t *) __GOMP_NOTHROW;
                                        ^
/usr/lib/gcc/x86_64-linux-gnu/7/include/omp.h:101:38: error: variable or field 'omp_init_lock_with_hint' declared void
 extern void omp_init_lock_with_hint (omp_lock_t *, omp_lock_hint_t)
                                      ^~~~~~~~~~
/usr/lib/gcc/x86_64-linux-gnu/7/include/omp.h:101:38: error: 'omp_lock_t' was not declared in this scope
/usr/lib/gcc/x86_64-linux-gnu/7/include/omp.h:101:38: note: suggested alternative: 'omp_lock_hint_t'
 extern void omp_init_lock_with_hint (omp_lock_t *, omp_lock_hint_t)
                                      ^~~~~~~~~~
                                      omp_lock_hint_t
/usr/lib/gcc/x86_64-linux-gnu/7/include/omp.h:101:50: error: expected primary-expression before ',' token
 extern void omp_init_lock_with_hint (omp_lock_t *, omp_lock_hint_t)
                                                  ^
/usr/lib/gcc/x86_64-linux-gnu/7/include/omp.h:101:67: error: expected primary-expression before ')' token
 extern void omp_init_lock_with_hint (omp_lock_t *, omp_lock_hint_t)
                                                                   ^
/usr/lib/gcc/x86_64-linux-gnu/7/include/omp.h:103:31: error: variable or field 'omp_destroy_lock' declared void
 extern void omp_destroy_lock (omp_lock_t *) __GOMP_NOTHROW;
                               ^~~~~~~~~~
/usr/lib/gcc/x86_64-linux-gnu/7/include/omp.h:103:31: error: 'omp_lock_t' was not declared in this scope
/usr/lib/gcc/x86_64-linux-gnu/7/include/omp.h:103:31: note: suggested alternative: 'omp_lock_hint_t'
 extern void omp_destroy_lock (omp_lock_t *) __GOMP_NOTHROW;
                               ^~~~~~~~~~
                               omp_lock_hint_t
/usr/lib/gcc/x86_64-linux-gnu/7/include/omp.h:103:43: error: expected primary-expression before ')' token
 extern void omp_destroy_lock (omp_lock_t *) __GOMP_NOTHROW;
                                           ^
/usr/lib/gcc/x86_64-linux-gnu/7/include/omp.h:104:27: error: variable or field 'omp_set_lock' declared void
 extern void omp_set_lock (omp_lock_t *) __GOMP_NOTHROW;
                           ^~~~~~~~~~
/usr/lib/gcc/x86_64-linux-gnu/7/include/omp.h:104:27: error: 'omp_lock_t' was not declared in this scope
/usr/lib/gcc/x86_64-linux-gnu/7/include/omp.h:104:27: note: suggested alternative: 'omp_lock_hint_t'
 extern void omp_set_lock (omp_lock_t *) __GOMP_NOTHROW;
                           ^~~~~~~~~~
                           omp_lock_hint_t
/usr/lib/gcc/x86_64-linux-gnu/7/include/omp.h:104:39: error: expected primary-expression before ')' token
 extern void omp_set_lock (omp_lock_t *) __GOMP_NOTHROW;
                                       ^
/usr/lib/gcc/x86_64-linux-gnu/7/include/omp.h:105:29: error: variable or field 'omp_unset_lock' declared void
 extern void omp_unset_lock (omp_lock_t *) __GOMP_NOTHROW;
                             ^~~~~~~~~~
/usr/lib/gcc/x86_64-linux-gnu/7/include/omp.h:105:29: error: 'omp_lock_t' was not declared in this scope
/usr/lib/gcc/x86_64-linux-gnu/7/include/omp.h:105:29: note: suggested alternative: 'omp_lock_hint_t'
 extern void omp_unset_lock (omp_lock_t *) __GOMP_NOTHROW;
                             ^~~~~~~~~~
                             omp_lock_hint_t
/usr/lib/gcc/x86_64-linux-gnu/7/include/omp.h:105:41: error: expected primary-expression before ')' token
 extern void omp_unset_lock (omp_lock_t *) __GOMP_NOTHROW;
                                         ^
/usr/lib/gcc/x86_64-linux-gnu/7/include/omp.h:106:27: error: 'omp_lock_t' was not declared in this scope
 extern int omp_test_lock (omp_lock_t *) __GOMP_NOTHROW;
                           ^~~~~~~~~~
/usr/lib/gcc/x86_64-linux-gnu/7/include/omp.h:106:27: note: suggested alternative: 'omp_lock_hint_t'
 extern int omp_test_lock (omp_lock_t *) __GOMP_NOTHROW;
                           ^~~~~~~~~~
                           omp_lock_hint_t
/usr/lib/gcc/x86_64-linux-gnu/7/include/omp.h:106:39: error: expected primary-expression before ')' token
 extern int omp_test_lock (omp_lock_t *) __GOMP_NOTHROW;
                                       ^
configure:3062: $? = 1
configure: failed program was:
| /* confdefs.h */
| #define PACKAGE_NAME "cafe"
| #define PACKAGE_TARNAME "cafe"
| #define PACKAGE_VERSION "4.2.1"
| #define PACKAGE_STRING "cafe 4.2.1"
| #define PACKAGE_BUGREPORT "hahnlabcafe@googlegroups.com"
| #define PACKAGE_URL "hahnlab.github.io/CAFE"
| /* end confdefs.h.  */
| 
| #ifndef _OPENMP
|  choke me
| #endif
| #include <omp.h>
| int main () { return omp_get_num_threads (); }
| 
configure:3080: g++ -o conftest -g -O2 -fopenmp   conftest.cpp  >&5
configure:3080: $? = 0
configure:3094: result: -fopenmp
configure:3122: checking for library containing sgemm
configure:3153: g++ -o conftest -g -O2   conftest.cpp  >&5
/tmp/ccbcQNZA.o: In function `main':
/home/zhangt/1_projects/3_12ss_m6A/tools/CAFE/conftest.cpp:20: undefined reference to `sgemm'
collect2: error: ld returned 1 exit status
configure:3153: $? = 1
configure: failed program was:
| /* confdefs.h */
| #define PACKAGE_NAME "cafe"
| #define PACKAGE_TARNAME "cafe"
| #define PACKAGE_VERSION "4.2.1"
| #define PACKAGE_STRING "cafe 4.2.1"
| #define PACKAGE_BUGREPORT "hahnlabcafe@googlegroups.com"
| #define PACKAGE_URL "hahnlab.github.io/CAFE"
| /* end confdefs.h.  */
| 
| /* Override any GCC internal prototype to avoid an error.
|    Use char because int might match the return type of a GCC
|    builtin and then its argument prototype would still apply.  */
| #ifdef __cplusplus
| extern "C"
| #endif
| char sgemm ();
| int
| main ()
| {
| return sgemm ();
|   ;
|   return 0;
| }
configure:3153: g++ -o conftest -g -O2   conftest.cpp -lmkl_intel_lp64 -lmkl_intel_lp64 -lmkl_sequential -lmkl_core -lpthread  >&5
/usr/bin/ld: cannot find -lmkl_intel_lp64
/usr/bin/ld: cannot find -lmkl_intel_lp64
/usr/bin/ld: cannot find -lmkl_sequential
/usr/bin/ld: cannot find -lmkl_core
collect2: error: ld returned 1 exit status
configure:3153: $? = 1
configure: failed program was:
| /* confdefs.h */
| #define PACKAGE_NAME "cafe"
| #define PACKAGE_TARNAME "cafe"
| #define PACKAGE_VERSION "4.2.1"
| #define PACKAGE_STRING "cafe 4.2.1"
| #define PACKAGE_BUGREPORT "hahnlabcafe@googlegroups.com"
| #define PACKAGE_URL "hahnlab.github.io/CAFE"
| /* end confdefs.h.  */
| 
| /* Override any GCC internal prototype to avoid an error.
|    Use char because int might match the return type of a GCC
|    builtin and then its argument prototype would still apply.  */
| #ifdef __cplusplus
| extern "C"
| #endif
| char sgemm ();
| int
| main ()
| {
| return sgemm ();
|   ;
|   return 0;
| }
configure:3170: result: no
configure:3179: checking for library containing cblas_dgemm
configure:3210: g++ -o conftest -g -O2   conftest.cpp  >&5
/tmp/cc6GDWSI.o: In function `main':
/home/zhangt/1_projects/3_12ss_m6A/tools/CAFE/conftest.cpp:20: undefined reference to `cblas_dgemm'
collect2: error: ld returned 1 exit status
configure:3210: $? = 1
configure: failed program was:
| /* confdefs.h */
| #define PACKAGE_NAME "cafe"
| #define PACKAGE_TARNAME "cafe"
| #define PACKAGE_VERSION "4.2.1"
| #define PACKAGE_STRING "cafe 4.2.1"
| #define PACKAGE_BUGREPORT "hahnlabcafe@googlegroups.com"
| #define PACKAGE_URL "hahnlab.github.io/CAFE"
| /* end confdefs.h.  */
| 
| /* Override any GCC internal prototype to avoid an error.
|    Use char because int might match the return type of a GCC
|    builtin and then its argument prototype would still apply.  */
| #ifdef __cplusplus
| extern "C"
| #endif
| char cblas_dgemm ();
| int
| main ()
| {
| return cblas_dgemm ();
|   ;
|   return 0;
| }
configure:3210: g++ -o conftest -g -O2   conftest.cpp -lsatlas   >&5
/usr/bin/ld: cannot find -lsatlas
collect2: error: ld returned 1 exit status
configure:3210: $? = 1
configure: failed program was:
| /* confdefs.h */
| #define PACKAGE_NAME "cafe"
| #define PACKAGE_TARNAME "cafe"
| #define PACKAGE_VERSION "4.2.1"
| #define PACKAGE_STRING "cafe 4.2.1"
| #define PACKAGE_BUGREPORT "hahnlabcafe@googlegroups.com"
| #define PACKAGE_URL "hahnlab.github.io/CAFE"
| /* end confdefs.h.  */
| 
| /* Override any GCC internal prototype to avoid an error.
|    Use char because int might match the return type of a GCC
|    builtin and then its argument prototype would still apply.  */
| #ifdef __cplusplus
| extern "C"
| #endif
| char cblas_dgemm ();
| int
| main ()
| {
| return cblas_dgemm ();
|   ;
|   return 0;
| }
configure:3227: result: no
configure:3250: checking how to run the C++ preprocessor
configure:3277: g++ -E  conftest.cpp
configure:3277: $? = 0
configure:3291: g++ -E  conftest.cpp
conftest.cpp:9:10: fatal error: ac_nonexistent.h: No such file or directory
 #include <ac_nonexistent.h>
          ^~~~~~~~~~~~~~~~~~
compilation terminated.
configure:3291: $? = 1
configure: failed program was:
| /* confdefs.h */
| #define PACKAGE_NAME "cafe"
| #define PACKAGE_TARNAME "cafe"
| #define PACKAGE_VERSION "4.2.1"
| #define PACKAGE_STRING "cafe 4.2.1"
| #define PACKAGE_BUGREPORT "hahnlabcafe@googlegroups.com"
| #define PACKAGE_URL "hahnlab.github.io/CAFE"
| /* end confdefs.h.  */
| #include <ac_nonexistent.h>
configure:3316: result: g++ -E
configure:3336: g++ -E  conftest.cpp
configure:3336: $? = 0
configure:3350: g++ -E  conftest.cpp
conftest.cpp:9:10: fatal error: ac_nonexistent.h: No such file or directory
 #include <ac_nonexistent.h>
          ^~~~~~~~~~~~~~~~~~
compilation terminated.
configure:3350: $? = 1
configure: failed program was:
| /* confdefs.h */
| #define PACKAGE_NAME "cafe"
| #define PACKAGE_TARNAME "cafe"
| #define PACKAGE_VERSION "4.2.1"
| #define PACKAGE_STRING "cafe 4.2.1"
| #define PACKAGE_BUGREPORT "hahnlabcafe@googlegroups.com"
| #define PACKAGE_URL "hahnlab.github.io/CAFE"
| /* end confdefs.h.  */
| #include <ac_nonexistent.h>
configure:3379: checking for grep that handles long lines and -e
configure:3437: result: /bin/grep
configure:3442: checking for egrep
configure:3504: result: /bin/grep -E
configure:3509: checking for ANSI C header files
configure:3529: g++ -c -g -O2  conftest.cpp >&5
configure:3529: $? = 0
configure:3602: g++ -o conftest -g -O2   conftest.cpp  >&5
configure:3602: $? = 0
configure:3602: ./conftest
configure:3602: $? = 0
configure:3613: result: yes
configure:3626: checking for sys/types.h
configure:3626: g++ -c -g -O2  conftest.cpp >&5
configure:3626: $? = 0
configure:3626: result: yes
configure:3626: checking for sys/stat.h
configure:3626: g++ -c -g -O2  conftest.cpp >&5
configure:3626: $? = 0
configure:3626: result: yes
configure:3626: checking for stdlib.h
configure:3626: g++ -c -g -O2  conftest.cpp >&5
configure:3626: $? = 0
configure:3626: result: yes
configure:3626: checking for string.h
configure:3626: g++ -c -g -O2  conftest.cpp >&5
configure:3626: $? = 0
configure:3626: result: yes
configure:3626: checking for memory.h
configure:3626: g++ -c -g -O2  conftest.cpp >&5
configure:3626: $? = 0
configure:3626: result: yes
configure:3626: checking for strings.h
configure:3626: g++ -c -g -O2  conftest.cpp >&5
configure:3626: $? = 0
configure:3626: result: yes
configure:3626: checking for inttypes.h
configure:3626: g++ -c -g -O2  conftest.cpp >&5
configure:3626: $? = 0
configure:3626: result: yes
configure:3626: checking for stdint.h
configure:3626: g++ -c -g -O2  conftest.cpp >&5
configure:3626: $? = 0
configure:3626: result: yes
configure:3626: checking for unistd.h
configure:3626: g++ -c -g -O2  conftest.cpp >&5
configure:3626: $? = 0
configure:3626: result: yes
configure:3644: checking for dirent.h
configure:3644: g++ -c -g -O2  conftest.cpp >&5
configure:3644: $? = 0
configure:3644: result: yes
configure:3644: checking for ndir.h
configure:3644: g++ -c -g -O2  conftest.cpp >&5
conftest.cpp:54:10: fatal error: ndir.h: No such file or directory
 #include <ndir.h>
          ^~~~~~~~
compilation terminated.
configure:3644: $? = 1
configure: failed program was:
| /* confdefs.h */
| #define PACKAGE_NAME "cafe"
| #define PACKAGE_TARNAME "cafe"
| #define PACKAGE_VERSION "4.2.1"
| #define PACKAGE_STRING "cafe 4.2.1"
| #define PACKAGE_BUGREPORT "hahnlabcafe@googlegroups.com"
| #define PACKAGE_URL "hahnlab.github.io/CAFE"
| #define STDC_HEADERS 1
| #define HAVE_SYS_TYPES_H 1
| #define HAVE_SYS_STAT_H 1
| #define HAVE_STDLIB_H 1
| #define HAVE_STRING_H 1
| #define HAVE_MEMORY_H 1
| #define HAVE_STRINGS_H 1
| #define HAVE_INTTYPES_H 1
| #define HAVE_STDINT_H 1
| #define HAVE_UNISTD_H 1
| #define HAVE_DIRENT_H 1
| /* end confdefs.h.  */
| #include <stdio.h>
| #ifdef HAVE_SYS_TYPES_H
| # include <sys/types.h>
| #endif
| #ifdef HAVE_SYS_STAT_H
| # include <sys/stat.h>
| #endif
| #ifdef STDC_HEADERS
| # include <stdlib.h>
| # include <stddef.h>
| #else
| # ifdef HAVE_STDLIB_H
| #  include <stdlib.h>
| # endif
| #endif
| #ifdef HAVE_STRING_H
| # if !defined STDC_HEADERS && defined HAVE_MEMORY_H
| #  include <memory.h>
| # endif
| # include <string.h>
| #endif
| #ifdef HAVE_STRINGS_H
| # include <strings.h>
| #endif
| #ifdef HAVE_INTTYPES_H
| # include <inttypes.h>
| #endif
| #ifdef HAVE_STDINT_H
| # include <stdint.h>
| #endif
| #ifdef HAVE_UNISTD_H
| # include <unistd.h>
| #endif
| 
| #include <ndir.h>
configure:3644: result: no
configure:3661: checking for a readline compatible library
configure:3694: g++ -o conftest -g -O2   conftest.cpp  -lreadline >&5
configure:3694: $? = 0
configure:3713: result: -lreadline
configure:3724: checking readline.h usability
configure:3724: g++ -c -g -O2  conftest.cpp >&5
conftest.cpp:54:10: fatal error: readline.h: No such file or directory
 #include <readline.h>
          ^~~~~~~~~~~~
compilation terminated.
configure:3724: $? = 1
configure: failed program was:
| /* confdefs.h */
| #define PACKAGE_NAME "cafe"
| #define PACKAGE_TARNAME "cafe"
| #define PACKAGE_VERSION "4.2.1"
| #define PACKAGE_STRING "cafe 4.2.1"
| #define PACKAGE_BUGREPORT "hahnlabcafe@googlegroups.com"
| #define PACKAGE_URL "hahnlab.github.io/CAFE"
| #define STDC_HEADERS 1
| #define HAVE_SYS_TYPES_H 1
| #define HAVE_SYS_STAT_H 1
| #define HAVE_STDLIB_H 1
| #define HAVE_STRING_H 1
| #define HAVE_MEMORY_H 1
| #define HAVE_STRINGS_H 1
| #define HAVE_INTTYPES_H 1
| #define HAVE_STDINT_H 1
| #define HAVE_UNISTD_H 1
| #define HAVE_DIRENT_H 1
| #define HAVE_LIBREADLINE 1
| /* end confdefs.h.  */
| #include <stdio.h>
| #ifdef HAVE_SYS_TYPES_H
| # include <sys/types.h>
| #endif
| #ifdef HAVE_SYS_STAT_H
| # include <sys/stat.h>
| #endif
| #ifdef STDC_HEADERS
| # include <stdlib.h>
| # include <stddef.h>
| #else
| # ifdef HAVE_STDLIB_H
| #  include <stdlib.h>
| # endif
| #endif
| #ifdef HAVE_STRING_H
| # if !defined STDC_HEADERS && defined HAVE_MEMORY_H
| #  include <memory.h>
| # endif
| # include <string.h>
| #endif
| #ifdef HAVE_STRINGS_H
| # include <strings.h>
| #endif
| #ifdef HAVE_INTTYPES_H
| # include <inttypes.h>
| #endif
| #ifdef HAVE_STDINT_H
| # include <stdint.h>
| #endif
| #ifdef HAVE_UNISTD_H
| # include <unistd.h>
| #endif
| #include <readline.h>
configure:3724: result: no
configure:3724: checking readline.h presence
configure:3724: g++ -E  conftest.cpp
conftest.cpp:21:10: fatal error: readline.h: No such file or directory
 #include <readline.h>
          ^~~~~~~~~~~~
compilation terminated.
configure:3724: $? = 1
configure: failed program was:
| /* confdefs.h */
| #define PACKAGE_NAME "cafe"
| #define PACKAGE_TARNAME "cafe"
| #define PACKAGE_VERSION "4.2.1"
| #define PACKAGE_STRING "cafe 4.2.1"
| #define PACKAGE_BUGREPORT "hahnlabcafe@googlegroups.com"
| #define PACKAGE_URL "hahnlab.github.io/CAFE"
| #define STDC_HEADERS 1
| #define HAVE_SYS_TYPES_H 1
| #define HAVE_SYS_STAT_H 1
| #define HAVE_STDLIB_H 1
| #define HAVE_STRING_H 1
| #define HAVE_MEMORY_H 1
| #define HAVE_STRINGS_H 1
| #define HAVE_INTTYPES_H 1
| #define HAVE_STDINT_H 1
| #define HAVE_UNISTD_H 1
| #define HAVE_DIRENT_H 1
| #define HAVE_LIBREADLINE 1
| /* end confdefs.h.  */
| #include <readline.h>
configure:3724: result: no
configure:3724: checking for readline.h
configure:3724: result: no
configure:3724: checking readline/readline.h usability
configure:3724: g++ -c -g -O2  conftest.cpp >&5
configure:3724: $? = 0
configure:3724: result: yes
configure:3724: checking readline/readline.h presence
configure:3724: g++ -E  conftest.cpp
configure:3724: $? = 0
configure:3724: result: yes
configure:3724: checking for readline/readline.h
configure:3724: result: yes
configure:3734: checking whether readline supports history
configure:3759: g++ -o conftest -g -O2   conftest.cpp  -lreadline >&5
configure:3759: $? = 0
configure:3766: result: yes
configure:3775: checking history.h usability
configure:3775: g++ -c -g -O2  conftest.cpp >&5
conftest.cpp:56:10: fatal error: history.h: No such file or directory
 #include <history.h>
          ^~~~~~~~~~~
compilation terminated.
configure:3775: $? = 1
configure: failed program was:
| /* confdefs.h */
| #define PACKAGE_NAME "cafe"
| #define PACKAGE_TARNAME "cafe"
| #define PACKAGE_VERSION "4.2.1"
| #define PACKAGE_STRING "cafe 4.2.1"
| #define PACKAGE_BUGREPORT "hahnlabcafe@googlegroups.com"
| #define PACKAGE_URL "hahnlab.github.io/CAFE"
| #define STDC_HEADERS 1
| #define HAVE_SYS_TYPES_H 1
| #define HAVE_SYS_STAT_H 1
| #define HAVE_STDLIB_H 1
| #define HAVE_STRING_H 1
| #define HAVE_MEMORY_H 1
| #define HAVE_STRINGS_H 1
| #define HAVE_INTTYPES_H 1
| #define HAVE_STDINT_H 1
| #define HAVE_UNISTD_H 1
| #define HAVE_DIRENT_H 1
| #define HAVE_LIBREADLINE 1
| #define HAVE_READLINE_READLINE_H 1
| #define HAVE_READLINE_HISTORY 1
| /* end confdefs.h.  */
| #include <stdio.h>
| #ifdef HAVE_SYS_TYPES_H
| # include <sys/types.h>
| #endif
| #ifdef HAVE_SYS_STAT_H
| # include <sys/stat.h>
| #endif
| #ifdef STDC_HEADERS
| # include <stdlib.h>
| # include <stddef.h>
| #else
| # ifdef HAVE_STDLIB_H
| #  include <stdlib.h>
| # endif
| #endif
| #ifdef HAVE_STRING_H
| # if !defined STDC_HEADERS && defined HAVE_MEMORY_H
| #  include <memory.h>
| # endif
| # include <string.h>
| #endif
| #ifdef HAVE_STRINGS_H
| # include <strings.h>
| #endif
| #ifdef HAVE_INTTYPES_H
| # include <inttypes.h>
| #endif
| #ifdef HAVE_STDINT_H
| # include <stdint.h>
| #endif
| #ifdef HAVE_UNISTD_H
| # include <unistd.h>
| #endif
| #include <history.h>
configure:3775: result: no
configure:3775: checking history.h presence
configure:3775: g++ -E  conftest.cpp
conftest.cpp:23:10: fatal error: history.h: No such file or directory
 #include <history.h>
          ^~~~~~~~~~~
compilation terminated.
configure:3775: $? = 1
configure: failed program was:
| /* confdefs.h */
| #define PACKAGE_NAME "cafe"
| #define PACKAGE_TARNAME "cafe"
| #define PACKAGE_VERSION "4.2.1"
| #define PACKAGE_STRING "cafe 4.2.1"
| #define PACKAGE_BUGREPORT "hahnlabcafe@googlegroups.com"
| #define PACKAGE_URL "hahnlab.github.io/CAFE"
| #define STDC_HEADERS 1
| #define HAVE_SYS_TYPES_H 1
| #define HAVE_SYS_STAT_H 1
| #define HAVE_STDLIB_H 1
| #define HAVE_STRING_H 1
| #define HAVE_MEMORY_H 1
| #define HAVE_STRINGS_H 1
| #define HAVE_INTTYPES_H 1
| #define HAVE_STDINT_H 1
| #define HAVE_UNISTD_H 1
| #define HAVE_DIRENT_H 1
| #define HAVE_LIBREADLINE 1
| #define HAVE_READLINE_READLINE_H 1
| #define HAVE_READLINE_HISTORY 1
| /* end confdefs.h.  */
| #include <history.h>
configure:3775: result: no
configure:3775: checking for history.h
configure:3775: result: no
configure:3775: checking readline/history.h usability
configure:3775: g++ -c -g -O2  conftest.cpp >&5
configure:3775: $? = 0
configure:3775: result: yes
configure:3775: checking readline/history.h presence
configure:3775: g++ -E  conftest.cpp
configure:3775: $? = 0
configure:3775: result: yes
configure:3775: checking for readline/history.h
configure:3775: result: yes
configure:3905: creating ./config.status

## ---------------------- ##
## Running config.status. ##
## ---------------------- ##

This file was extended by cafe config.status 4.2.1, which was
generated by GNU Autoconf 2.69.  Invocation command line was

  CONFIG_FILES    = 
  CONFIG_HEADERS  = 
  CONFIG_LINKS    = 
  CONFIG_COMMANDS = 
  $ ./config.status 

on Cal-Server

config.status:811: creating Makefile
config.status:811: creating config.h

## ---------------- ##
## Cache variables. ##
## ---------------- ##

ac_cv_c_compiler_gnu=yes
ac_cv_cxx_compiler_gnu=yes
ac_cv_env_CCC_set=
ac_cv_env_CCC_value=
ac_cv_env_CC_set=
ac_cv_env_CC_value=
ac_cv_env_CFLAGS_set=
ac_cv_env_CFLAGS_value=
ac_cv_env_CPPFLAGS_set=
ac_cv_env_CPPFLAGS_value=
ac_cv_env_CXXCPP_set=
ac_cv_env_CXXCPP_value=
ac_cv_env_CXXFLAGS_set=
ac_cv_env_CXXFLAGS_value=
ac_cv_env_CXX_set=
ac_cv_env_CXX_value=
ac_cv_env_LDFLAGS_set=
ac_cv_env_LDFLAGS_value=
ac_cv_env_LIBS_set=
ac_cv_env_LIBS_value=
ac_cv_env_build_alias_set=
ac_cv_env_build_alias_value=
ac_cv_env_host_alias_set=
ac_cv_env_host_alias_value=
ac_cv_env_target_alias_set=
ac_cv_env_target_alias_value=
ac_cv_header_dirent_h=yes
ac_cv_header_history_h=no
ac_cv_header_inttypes_h=yes
ac_cv_header_memory_h=yes
ac_cv_header_ndir_h=no
ac_cv_header_readline_h=no
ac_cv_header_readline_history_h=yes
ac_cv_header_readline_readline_h=yes
ac_cv_header_stdc=yes
ac_cv_header_stdint_h=yes
ac_cv_header_stdlib_h=yes
ac_cv_header_string_h=yes
ac_cv_header_strings_h=yes
ac_cv_header_sys_stat_h=yes
ac_cv_header_sys_types_h=yes
ac_cv_header_unistd_h=yes
ac_cv_objext=o
ac_cv_path_EGREP='/bin/grep -E'
ac_cv_path_GREP=/bin/grep
ac_cv_prog_CXXCPP='g++ -E'
ac_cv_prog_ac_ct_CC=gcc
ac_cv_prog_ac_ct_CXX=g++
ac_cv_prog_cc_c89=
ac_cv_prog_cc_g=yes
ac_cv_prog_cxx_g=yes
ac_cv_prog_cxx_openmp=-fopenmp
ac_cv_search_cblas_dgemm=no
ac_cv_search_sgemm=no
ax_cv_lib_readline=-lreadline
ax_cv_lib_readline_history=yes

## ----------------- ##
## Output variables. ##
## ----------------- ##

ALL_WARNINGS='-Wall'
CC='gcc'
CFLAGS='-g -O2'
CPPFLAGS=''
CXX='g++'
CXXCPP='g++ -E'
CXXFLAGS='-g -O2'
C_STANDARD='-std=c11'
DEFS='-DHAVE_CONFIG_H'
DYNAMIC='-rdynamic'
ECHO_C=''
ECHO_N='-n'
ECHO_T=''
EGREP='/bin/grep -E'
EXEEXT=''
GREP='/bin/grep'
LDFLAGS=''
LIBOBJS=''
LIBS=' -lreadline'
LTLIBOBJS=''
OBJEXT='o'
OPENMP_CXXFLAGS='-fopenmp'
PACKAGE_BUGREPORT='hahnlabcafe@googlegroups.com'
PACKAGE_NAME='cafe'
PACKAGE_STRING='cafe 4.2.1'
PACKAGE_TARNAME='cafe'
PACKAGE_URL='hahnlab.github.io/CAFE'
PACKAGE_VERSION='4.2.1'
PATH_SEPARATOR=':'
SHELL='/bin/bash'
ac_ct_CC='gcc'
ac_ct_CXX='g++'
bindir='${exec_prefix}/bin'
build_alias=''
datadir='${datarootdir}'
datarootdir='${prefix}/share'
docdir='${datarootdir}/doc/${PACKAGE_TARNAME}'
dvidir='${docdir}'
exec_prefix='${prefix}'
host_alias=''
htmldir='${docdir}'
includedir='${prefix}/include'
infodir='${datarootdir}/info'
libdir='${exec_prefix}/lib'
libexecdir='${exec_prefix}/libexec'
localedir='${datarootdir}/locale'
localstatedir='${prefix}/var'
mandir='${datarootdir}/man'
oldincludedir='/usr/include'
pdfdir='${docdir}'
prefix='/usr/local'
program_transform_name='s,x,x,'
psdir='${docdir}'
runstatedir='${localstatedir}/run'
sbindir='${exec_prefix}/sbin'
sharedstatedir='${prefix}/com'
sysconfdir='${prefix}/etc'
target_alias=''

## ----------- ##
## confdefs.h. ##
## ----------- ##

/* confdefs.h */
#define PACKAGE_NAME "cafe"
#define PACKAGE_TARNAME "cafe"
#define PACKAGE_VERSION "4.2.1"
#define PACKAGE_STRING "cafe 4.2.1"
#define PACKAGE_BUGREPORT "hahnlabcafe@googlegroups.com"
#define PACKAGE_URL "hahnlab.github.io/CAFE"
#define STDC_HEADERS 1
#define HAVE_SYS_TYPES_H 1
#define HAVE_SYS_STAT_H 1
#define HAVE_STDLIB_H 1
#define HAVE_STRING_H 1
#define HAVE_MEMORY_H 1
#define HAVE_STRINGS_H 1
#define HAVE_INTTYPES_H 1
#define HAVE_STDINT_H 1
#define HAVE_UNISTD_H 1
#define HAVE_DIRENT_H 1
#define HAVE_LIBREADLINE 1
#define HAVE_READLINE_READLINE_H 1
#define HAVE_READLINE_HISTORY 1
#define HAVE_READLINE_HISTORY_H 1

configure: exit 0
